15:39:22 **** Build of configuration Debug for project cap1_1p ****
make all 
Cannot run program "make": Launching failed

Error: Program "make" not found in PATH
PATH=[E:/Program Files/java/jre1.8.0_102/bin/server;E:/Program Files/java/jre1.8.0_102/bin;E:/Program Files/java/jre1.8.0_102/lib/amd64;C:\Program Files (x86)\Silverfrost\FTN95;C:\ProgramData\Oracle\Java\javapath;C:\Program Files (x86)\Intel\iCLS Client\;C:\Program Files\Intel\iCLS Client\;C:\WINDOWS\system32;C:\WINDOWS;C:\WINDOWS\System32\Wbem;C:\WINDOWS\System32\WindowsPowerShell\v1.0\;C:\Program Files (x86)\Intel\Intel(R) Management Engine Components\DAL;C:\Program Files\Intel\Intel(R) Management Engine Components\DAL;C:\Program Files (x86)\Intel\Intel(R) Management Engine Components\IPT;C:\Program Files\Intel\Intel(R) Management Engine Components\IPT;E:\Program Files\MATLAB\MATLAB Production Server\R2015a\runtime\win64;E:\Program Files\MATLAB\MATLAB Production Server\R2015a\bin;E:\Program Files\MATLAB\MATLAB Production Server\R2015a\polyspace\bin;C:\Users\luisobri\AppData\Local\Microsoft\WindowsApps;;C:\Users\luisobri\parallel-latest-released\eclipse;]
15:40:38 **** Incremental Build of configuration Debug for project cap1_1p ****
make all 
Cannot run program "make": Launching failed

Error: Program "make" not found in PATH
PATH=[E:/Program Files/java/jre1.8.0_102/bin/server;E:/Program Files/java/jre1.8.0_102/bin;E:/Program Files/java/jre1.8.0_102/lib/amd64;C:\Program Files (x86)\Silverfrost\FTN95;C:\ProgramData\Oracle\Java\javapath;C:\Program Files (x86)\Intel\iCLS Client\;C:\Program Files\Intel\iCLS Client\;C:\WINDOWS\system32;C:\WINDOWS;C:\WINDOWS\System32\Wbem;C:\WINDOWS\System32\WindowsPowerShell\v1.0\;C:\Program Files (x86)\Intel\Intel(R) Management Engine Components\DAL;C:\Program Files\Intel\Intel(R) Management Engine Components\DAL;C:\Program Files (x86)\Intel\Intel(R) Management Engine Components\IPT;C:\Program Files\Intel\Intel(R) Management Engine Components\IPT;E:\Program Files\MATLAB\MATLAB Production Server\R2015a\runtime\win64;E:\Program Files\MATLAB\MATLAB Production Server\R2015a\bin;E:\Program Files\MATLAB\MATLAB Production Server\R2015a\polyspace\bin;C:\Users\luisobri\AppData\Local\Microsoft\WindowsApps;;C:\Users\luisobri\parallel-latest-released\eclipse;]
15:41:49 **** Incremental Build of configuration Debug for project cap1_1p ****
make all 
Cannot run program "make": Launching failed

Error: Program "make" not found in PATH
PATH=[E:/Program Files/java/jre1.8.0_102/bin/server;E:/Program Files/java/jre1.8.0_102/bin;E:/Program Files/java/jre1.8.0_102/lib/amd64;C:\Program Files (x86)\Silverfrost\FTN95;C:\ProgramData\Oracle\Java\javapath;C:\Program Files (x86)\Intel\iCLS Client\;C:\Program Files\Intel\iCLS Client\;C:\WINDOWS\system32;C:\WINDOWS;C:\WINDOWS\System32\Wbem;C:\WINDOWS\System32\WindowsPowerShell\v1.0\;C:\Program Files (x86)\Intel\Intel(R) Management Engine Components\DAL;C:\Program Files\Intel\Intel(R) Management Engine Components\DAL;C:\Program Files (x86)\Intel\Intel(R) Management Engine Components\IPT;C:\Program Files\Intel\Intel(R) Management Engine Components\IPT;E:\Program Files\MATLAB\MATLAB Production Server\R2015a\runtime\win64;E:\Program Files\MATLAB\MATLAB Production Server\R2015a\bin;E:\Program Files\MATLAB\MATLAB Production Server\R2015a\polyspace\bin;C:\Users\luisobri\AppData\Local\Microsoft\WindowsApps;;C:\Users\luisobri\parallel-latest-released\eclipse;]
15:42:40 **** Incremental Build of configuration Debug for project cap1_1p ****
make all 
Cannot run program "make": Launching failed

Error: Program "make" not found in PATH
PATH=[E:/Program Files/java/jre1.8.0_102/bin/server;E:/Program Files/java/jre1.8.0_102/bin;E:/Program Files/java/jre1.8.0_102/lib/amd64;C:\Program Files (x86)\Silverfrost\FTN95;C:\ProgramData\Oracle\Java\javapath;C:\Program Files (x86)\Intel\iCLS Client\;C:\Program Files\Intel\iCLS Client\;C:\WINDOWS\system32;C:\WINDOWS;C:\WINDOWS\System32\Wbem;C:\WINDOWS\System32\WindowsPowerShell\v1.0\;C:\Program Files (x86)\Intel\Intel(R) Management Engine Components\DAL;C:\Program Files\Intel\Intel(R) Management Engine Components\DAL;C:\Program Files (x86)\Intel\Intel(R) Management Engine Components\IPT;C:\Program Files\Intel\Intel(R) Management Engine Components\IPT;E:\Program Files\MATLAB\MATLAB Production Server\R2015a\runtime\win64;E:\Program Files\MATLAB\MATLAB Production Server\R2015a\bin;E:\Program Files\MATLAB\MATLAB Production Server\R2015a\polyspace\bin;C:\Users\luisobri\AppData\Local\Microsoft\WindowsApps;;C:\Users\luisobri\parallel-latest-released\eclipse;]
15:44:28 **** Incremental Build of configuration Debug for project cap1_1p ****
make all 
Cannot run program "make": Launching failed

Error: Program "make" not found in PATH
PATH=[E:/Program Files/java/jre1.8.0_102/bin/server;E:/Program Files/java/jre1.8.0_102/bin;E:/Program Files/java/jre1.8.0_102/lib/amd64;C:\Program Files (x86)\Silverfrost\FTN95;C:\ProgramData\Oracle\Java\javapath;C:\Program Files (x86)\Intel\iCLS Client\;C:\Program Files\Intel\iCLS Client\;C:\WINDOWS\system32;C:\WINDOWS;C:\WINDOWS\System32\Wbem;C:\WINDOWS\System32\WindowsPowerShell\v1.0\;C:\Program Files (x86)\Intel\Intel(R) Management Engine Components\DAL;C:\Program Files\Intel\Intel(R) Management Engine Components\DAL;C:\Program Files (x86)\Intel\Intel(R) Management Engine Components\IPT;C:\Program Files\Intel\Intel(R) Management Engine Components\IPT;E:\Program Files\MATLAB\MATLAB Production Server\R2015a\runtime\win64;E:\Program Files\MATLAB\MATLAB Production Server\R2015a\bin;E:\Program Files\MATLAB\MATLAB Production Server\R2015a\polyspace\bin;C:\Users\luisobri\AppData\Local\Microsoft\WindowsApps;;C:\Users\luisobri\parallel-latest-released\eclipse;]
15:44:51 **** Incremental Build of configuration Debug for project cap1_1p ****
make all 
Cannot run program "make": Launching failed

Error: Program "make" not found in PATH
PATH=[E:/Program Files/java/jre1.8.0_102/bin/server;E:/Program Files/java/jre1.8.0_102/bin;E:/Program Files/java/jre1.8.0_102/lib/amd64;C:\Program Files (x86)\Silverfrost\FTN95;C:\ProgramData\Oracle\Java\javapath;C:\Program Files (x86)\Intel\iCLS Client\;C:\Program Files\Intel\iCLS Client\;C:\WINDOWS\system32;C:\WINDOWS;C:\WINDOWS\System32\Wbem;C:\WINDOWS\System32\WindowsPowerShell\v1.0\;C:\Program Files (x86)\Intel\Intel(R) Management Engine Components\DAL;C:\Program Files\Intel\Intel(R) Management Engine Components\DAL;C:\Program Files (x86)\Intel\Intel(R) Management Engine Components\IPT;C:\Program Files\Intel\Intel(R) Management Engine Components\IPT;E:\Program Files\MATLAB\MATLAB Production Server\R2015a\runtime\win64;E:\Program Files\MATLAB\MATLAB Production Server\R2015a\bin;E:\Program Files\MATLAB\MATLAB Production Server\R2015a\polyspace\bin;C:\Users\luisobri\AppData\Local\Microsoft\WindowsApps;;C:\Users\luisobri\parallel-latest-released\eclipse;]
15:45:04 **** Incremental Build of configuration Debug for project cap1_1p ****
make all 
Cannot run program "make": Launching failed

Error: Program "make" not found in PATH
PATH=[E:/Program Files/java/jre1.8.0_102/bin/server;E:/Program Files/java/jre1.8.0_102/bin;E:/Program Files/java/jre1.8.0_102/lib/amd64;C:\Program Files (x86)\Silverfrost\FTN95;C:\ProgramData\Oracle\Java\javapath;C:\Program Files (x86)\Intel\iCLS Client\;C:\Program Files\Intel\iCLS Client\;C:\WINDOWS\system32;C:\WINDOWS;C:\WINDOWS\System32\Wbem;C:\WINDOWS\System32\WindowsPowerShell\v1.0\;C:\Program Files (x86)\Intel\Intel(R) Management Engine Components\DAL;C:\Program Files\Intel\Intel(R) Management Engine Components\DAL;C:\Program Files (x86)\Intel\Intel(R) Management Engine Components\IPT;C:\Program Files\Intel\Intel(R) Management Engine Components\IPT;E:\Program Files\MATLAB\MATLAB Production Server\R2015a\runtime\win64;E:\Program Files\MATLAB\MATLAB Production Server\R2015a\bin;E:\Program Files\MATLAB\MATLAB Production Server\R2015a\polyspace\bin;C:\Users\luisobri\AppData\Local\Microsoft\WindowsApps;;C:\Users\luisobri\parallel-latest-released\eclipse;]
15:45:17 **** Incremental Build of configuration Debug for project cap1_1p ****
make all 
Cannot run program "make": Launching failed

Error: Program "make" not found in PATH
PATH=[E:/Program Files/java/jre1.8.0_102/bin/server;E:/Program Files/java/jre1.8.0_102/bin;E:/Program Files/java/jre1.8.0_102/lib/amd64;C:\Program Files (x86)\Silverfrost\FTN95;C:\ProgramData\Oracle\Java\javapath;C:\Program Files (x86)\Intel\iCLS Client\;C:\Program Files\Intel\iCLS Client\;C:\WINDOWS\system32;C:\WINDOWS;C:\WINDOWS\System32\Wbem;C:\WINDOWS\System32\WindowsPowerShell\v1.0\;C:\Program Files (x86)\Intel\Intel(R) Management Engine Components\DAL;C:\Program Files\Intel\Intel(R) Management Engine Components\DAL;C:\Program Files (x86)\Intel\Intel(R) Management Engine Components\IPT;C:\Program Files\Intel\Intel(R) Management Engine Components\IPT;E:\Program Files\MATLAB\MATLAB Production Server\R2015a\runtime\win64;E:\Program Files\MATLAB\MATLAB Production Server\R2015a\bin;E:\Program Files\MATLAB\MATLAB Production Server\R2015a\polyspace\bin;C:\Users\luisobri\AppData\Local\Microsoft\WindowsApps;;C:\Users\luisobri\parallel-latest-released\eclipse;]
22:20:07 **** Incremental Build of configuration Debug for project cap1_1p ****
make all 
Cannot run program "make": Launching failed

Error: Program "make" not found in PATH
PATH=[E:/Program Files/java/jre1.8.0_102/bin/server;E:/Program Files/java/jre1.8.0_102/bin;E:/Program Files/java/jre1.8.0_102/lib/amd64;C:\Program Files (x86)\Silverfrost\FTN95;C:\ProgramData\Oracle\Java\javapath;C:\Program Files (x86)\Intel\iCLS Client\;C:\Program Files\Intel\iCLS Client\;C:\WINDOWS\system32;C:\WINDOWS;C:\WINDOWS\System32\Wbem;C:\WINDOWS\System32\WindowsPowerShell\v1.0\;C:\Program Files (x86)\Intel\Intel(R) Management Engine Components\DAL;C:\Program Files\Intel\Intel(R) Management Engine Components\DAL;C:\Program Files (x86)\Intel\Intel(R) Management Engine Components\IPT;C:\Program Files\Intel\Intel(R) Management Engine Components\IPT;E:\Program Files\MATLAB\MATLAB Production Server\R2015a\runtime\win64;E:\Program Files\MATLAB\MATLAB Production Server\R2015a\bin;E:\Program Files\MATLAB\MATLAB Production Server\R2015a\polyspace\bin;C:\Users\luisobri\AppData\Local\Microsoft\WindowsApps;;C:\WINDOWS\system32;]
22:20:42 **** Incremental Build of configuration Debug for project cap1_1p ****
make all 
Cannot run program "make": Launching failed

Error: Program "make" not found in PATH
PATH=[E:/Program Files/java/jre1.8.0_102/bin/server;E:/Program Files/java/jre1.8.0_102/bin;E:/Program Files/java/jre1.8.0_102/lib/amd64;C:\Program Files (x86)\Silverfrost\FTN95;C:\ProgramData\Oracle\Java\javapath;C:\Program Files (x86)\Intel\iCLS Client\;C:\Program Files\Intel\iCLS Client\;C:\WINDOWS\system32;C:\WINDOWS;C:\WINDOWS\System32\Wbem;C:\WINDOWS\System32\WindowsPowerShell\v1.0\;C:\Program Files (x86)\Intel\Intel(R) Management Engine Components\DAL;C:\Program Files\Intel\Intel(R) Management Engine Components\DAL;C:\Program Files (x86)\Intel\Intel(R) Management Engine Components\IPT;C:\Program Files\Intel\Intel(R) Management Engine Components\IPT;E:\Program Files\MATLAB\MATLAB Production Server\R2015a\runtime\win64;E:\Program Files\MATLAB\MATLAB Production Server\R2015a\bin;E:\Program Files\MATLAB\MATLAB Production Server\R2015a\polyspace\bin;C:\Users\luisobri\AppData\Local\Microsoft\WindowsApps;;C:\WINDOWS\system32;]
22:21:07 **** Incremental Build of configuration Debug for project cap1_1p ****
make all 
Cannot run program "make": Launching failed

Error: Program "make" not found in PATH
PATH=[E:/Program Files/java/jre1.8.0_102/bin/server;E:/Program Files/java/jre1.8.0_102/bin;E:/Program Files/java/jre1.8.0_102/lib/amd64;C:\Program Files (x86)\Silverfrost\FTN95;C:\ProgramData\Oracle\Java\javapath;C:\Program Files (x86)\Intel\iCLS Client\;C:\Program Files\Intel\iCLS Client\;C:\WINDOWS\system32;C:\WINDOWS;C:\WINDOWS\System32\Wbem;C:\WINDOWS\System32\WindowsPowerShell\v1.0\;C:\Program Files (x86)\Intel\Intel(R) Management Engine Components\DAL;C:\Program Files\Intel\Intel(R) Management Engine Components\DAL;C:\Program Files (x86)\Intel\Intel(R) Management Engine Components\IPT;C:\Program Files\Intel\Intel(R) Management Engine Components\IPT;E:\Program Files\MATLAB\MATLAB Production Server\R2015a\runtime\win64;E:\Program Files\MATLAB\MATLAB Production Server\R2015a\bin;E:\Program Files\MATLAB\MATLAB Production Server\R2015a\polyspace\bin;C:\Users\luisobri\AppData\Local\Microsoft\WindowsApps;;C:\WINDOWS\system32;]
22:25:43 **** Incremental Build of configuration Debug for project cap1_1p ****
make all 
Cannot run program "make": Launching failed

Error: Program "make" not found in PATH
PATH=[E:/Program Files/java/jre1.8.0_102/bin/server;E:/Program Files/java/jre1.8.0_102/bin;E:/Program Files/java/jre1.8.0_102/lib/amd64;C:\Program Files (x86)\Silverfrost\FTN95;C:\ProgramData\Oracle\Java\javapath;C:\Program Files (x86)\Intel\iCLS Client\;C:\Program Files\Intel\iCLS Client\;C:\WINDOWS\system32;C:\WINDOWS;C:\WINDOWS\System32\Wbem;C:\WINDOWS\System32\WindowsPowerShell\v1.0\;C:\Program Files (x86)\Intel\Intel(R) Management Engine Components\DAL;C:\Program Files\Intel\Intel(R) Management Engine Components\DAL;C:\Program Files (x86)\Intel\Intel(R) Management Engine Components\IPT;C:\Program Files\Intel\Intel(R) Management Engine Components\IPT;E:\Program Files\MATLAB\MATLAB Production Server\R2015a\runtime\win64;E:\Program Files\MATLAB\MATLAB Production Server\R2015a\bin;E:\Program Files\MATLAB\MATLAB Production Server\R2015a\polyspace\bin;C:\Users\luisobri\AppData\Local\Microsoft\WindowsApps;;C:\WINDOWS\system32;]
22:26:28 **** Incremental Build of configuration Debug for project cap1_1p ****
Info: Internal Builder is used for build
gfortran -funderscoring -O0 -g -Wall -c -fmessage-length=0 -o cap1_1p.o "..\\cap1_1p.f95" 
Cannot run program "gfortran": Launching failed

Error: Program "gfortran" not found in PATH
PATH=[E:/Program Files/java/jre1.8.0_102/bin/server;E:/Program Files/java/jre1.8.0_102/bin;E:/Program Files/java/jre1.8.0_102/lib/amd64;C:\Program Files (x86)\Silverfrost\FTN95;C:\ProgramData\Oracle\Java\javapath;C:\Program Files (x86)\Intel\iCLS Client\;C:\Program Files\Intel\iCLS Client\;C:\WINDOWS\system32;C:\WINDOWS;C:\WINDOWS\System32\Wbem;C:\WINDOWS\System32\WindowsPowerShell\v1.0\;C:\Program Files (x86)\Intel\Intel(R) Management Engine Components\DAL;C:\Program Files\Intel\Intel(R) Management Engine Components\DAL;C:\Program Files (x86)\Intel\Intel(R) Management Engine Components\IPT;C:\Program Files\Intel\Intel(R) Management Engine Components\IPT;E:\Program Files\MATLAB\MATLAB Production Server\R2015a\runtime\win64;E:\Program Files\MATLAB\MATLAB Production Server\R2015a\bin;E:\Program Files\MATLAB\MATLAB Production Server\R2015a\polyspace\bin;C:\Users\luisobri\AppData\Local\Microsoft\WindowsApps;;C:\WINDOWS\system32;]

22:53:11 **** Rebuild of configuration Debug for project cap1_1p ****
Info: Internal Builder is used for build
gfortran -funderscoring -O0 -g -Wall -c -fmessage-length=0 -o cap1_1.2p.o "..\\cap1_1.2p.f95" 
Cannot run program "gfortran": Launching failed

Error: Program "gfortran" not found in PATH
PATH=[E:/Program Files/java/jre1.8.0_102/bin/server;E:/Program Files/java/jre1.8.0_102/bin;E:/Program Files/java/jre1.8.0_102/lib/amd64;C:\Program Files (x86)\Silverfrost\FTN95;C:\ProgramData\Oracle\Java\javapath;C:\Program Files (x86)\Intel\iCLS Client\;C:\Program Files\Intel\iCLS Client\;C:\WINDOWS\system32;C:\WINDOWS;C:\WINDOWS\System32\Wbem;C:\WINDOWS\System32\WindowsPowerShell\v1.0\;C:\Program Files (x86)\Intel\Intel(R) Management Engine Components\DAL;C:\Program Files\Intel\Intel(R) Management Engine Components\DAL;C:\Program Files (x86)\Intel\Intel(R) Management Engine Components\IPT;C:\Program Files\Intel\Intel(R) Management Engine Components\IPT;E:\Program Files\MATLAB\MATLAB Production Server\R2015a\runtime\win64;E:\Program Files\MATLAB\MATLAB Production Server\R2015a\bin;E:\Program Files\MATLAB\MATLAB Production Server\R2015a\polyspace\bin;C:\Users\luisobri\AppData\Local\Microsoft\WindowsApps;;C:\Users\luisobri\parallel-latest-released\eclipse;]

22:53:21 **** Incremental Build of configuration Debug for project cap1_1p ****
Info: Internal Builder is used for build
gfortran -funderscoring -O0 -g -Wall -c -fmessage-length=0 -o cap1_1.2p.o "..\\cap1_1.2p.f95" 
Cannot run program "gfortran": Launching failed

Error: Program "gfortran" not found in PATH
PATH=[E:/Program Files/java/jre1.8.0_102/bin/server;E:/Program Files/java/jre1.8.0_102/bin;E:/Program Files/java/jre1.8.0_102/lib/amd64;C:\Program Files (x86)\Silverfrost\FTN95;C:\ProgramData\Oracle\Java\javapath;C:\Program Files (x86)\Intel\iCLS Client\;C:\Program Files\Intel\iCLS Client\;C:\WINDOWS\system32;C:\WINDOWS;C:\WINDOWS\System32\Wbem;C:\WINDOWS\System32\WindowsPowerShell\v1.0\;C:\Program Files (x86)\Intel\Intel(R) Management Engine Components\DAL;C:\Program Files\Intel\Intel(R) Management Engine Components\DAL;C:\Program Files (x86)\Intel\Intel(R) Management Engine Components\IPT;C:\Program Files\Intel\Intel(R) Management Engine Components\IPT;E:\Program Files\MATLAB\MATLAB Production Server\R2015a\runtime\win64;E:\Program Files\MATLAB\MATLAB Production Server\R2015a\bin;E:\Program Files\MATLAB\MATLAB Production Server\R2015a\polyspace\bin;C:\Users\luisobri\AppData\Local\Microsoft\WindowsApps;;C:\Users\luisobri\parallel-latest-released\eclipse;]

22:54:41 **** Incremental Build of configuration Debug for project cap1_1p ****
Info: Internal Builder is used for build
gfortran -funderscoring -O0 -g -Wall -c -fmessage-length=0 -o cap1_1.2p.o "..\\cap1_1.2p.f95" 
Cannot run program "gfortran": Launching failed

Error: Program "gfortran" not found in PATH
PATH=[E:/Program Files/java/jre1.8.0_102/bin/server;E:/Program Files/java/jre1.8.0_102/bin;E:/Program Files/java/jre1.8.0_102/lib/amd64;C:\Program Files (x86)\Silverfrost\FTN95;C:\ProgramData\Oracle\Java\javapath;C:\Program Files (x86)\Intel\iCLS Client\;C:\Program Files\Intel\iCLS Client\;C:\WINDOWS\system32;C:\WINDOWS;C:\WINDOWS\System32\Wbem;C:\WINDOWS\System32\WindowsPowerShell\v1.0\;C:\Program Files (x86)\Intel\Intel(R) Management Engine Components\DAL;C:\Program Files\Intel\Intel(R) Management Engine Components\DAL;C:\Program Files (x86)\Intel\Intel(R) Management Engine Components\IPT;C:\Program Files\Intel\Intel(R) Management Engine Components\IPT;E:\Program Files\MATLAB\MATLAB Production Server\R2015a\runtime\win64;E:\Program Files\MATLAB\MATLAB Production Server\R2015a\bin;E:\Program Files\MATLAB\MATLAB Production Server\R2015a\polyspace\bin;C:\Users\luisobri\AppData\Local\Microsoft\WindowsApps;;C:\Users\luisobri\parallel-latest-released\eclipse;]

22:55:53 **** Incremental Build of configuration Debug for project cap1_1p ****
make all 
Cannot run program "make": Launching failed

Error: Program "make" not found in PATH
PATH=[E:/Program Files/java/jre1.8.0_102/bin/server;E:/Program Files/java/jre1.8.0_102/bin;E:/Program Files/java/jre1.8.0_102/lib/amd64;C:\Program Files (x86)\Silverfrost\FTN95;C:\ProgramData\Oracle\Java\javapath;C:\Program Files (x86)\Intel\iCLS Client\;C:\Program Files\Intel\iCLS Client\;C:\WINDOWS\system32;C:\WINDOWS;C:\WINDOWS\System32\Wbem;C:\WINDOWS\System32\WindowsPowerShell\v1.0\;C:\Program Files (x86)\Intel\Intel(R) Management Engine Components\DAL;C:\Program Files\Intel\Intel(R) Management Engine Components\DAL;C:\Program Files (x86)\Intel\Intel(R) Management Engine Components\IPT;C:\Program Files\Intel\Intel(R) Management Engine Components\IPT;E:\Program Files\MATLAB\MATLAB Production Server\R2015a\runtime\win64;E:\Program Files\MATLAB\MATLAB Production Server\R2015a\bin;E:\Program Files\MATLAB\MATLAB Production Server\R2015a\polyspace\bin;C:\Users\luisobri\AppData\Local\Microsoft\WindowsApps;;C:\Users\luisobri\parallel-latest-released\eclipse;]
22:57:54 **** Incremental Build of configuration Debug for project cap1_1p ****
make all 
Cannot run program "make": Launching failed

Error: Program "make" not found in PATH
PATH=[E:/Program Files/java/jre1.8.0_102/bin/server;E:/Program Files/java/jre1.8.0_102/bin;E:/Program Files/java/jre1.8.0_102/lib/amd64;C:\Program Files (x86)\Silverfrost\FTN95;C:\ProgramData\Oracle\Java\javapath;C:\Program Files (x86)\Intel\iCLS Client\;C:\Program Files\Intel\iCLS Client\;C:\WINDOWS\system32;C:\WINDOWS;C:\WINDOWS\System32\Wbem;C:\WINDOWS\System32\WindowsPowerShell\v1.0\;C:\Program Files (x86)\Intel\Intel(R) Management Engine Components\DAL;C:\Program Files\Intel\Intel(R) Management Engine Components\DAL;C:\Program Files (x86)\Intel\Intel(R) Management Engine Components\IPT;C:\Program Files\Intel\Intel(R) Management Engine Components\IPT;E:\Program Files\MATLAB\MATLAB Production Server\R2015a\runtime\win64;E:\Program Files\MATLAB\MATLAB Production Server\R2015a\bin;E:\Program Files\MATLAB\MATLAB Production Server\R2015a\polyspace\bin;C:\Users\luisobri\AppData\Local\Microsoft\WindowsApps;;C:\Users\luisobri\parallel-latest-released\eclipse;]
22:58:30 **** Incremental Build of configuration Debug for project cap1_1p ****
make all 
Cannot run program "make": Launching failed

Error: Program "make" not found in PATH
PATH=[E:/Program Files/java/jre1.8.0_102/bin/server;E:/Program Files/java/jre1.8.0_102/bin;E:/Program Files/java/jre1.8.0_102/lib/amd64;C:\Program Files (x86)\Silverfrost\FTN95;C:\ProgramData\Oracle\Java\javapath;C:\Program Files (x86)\Intel\iCLS Client\;C:\Program Files\Intel\iCLS Client\;C:\WINDOWS\system32;C:\WINDOWS;C:\WINDOWS\System32\Wbem;C:\WINDOWS\System32\WindowsPowerShell\v1.0\;C:\Program Files (x86)\Intel\Intel(R) Management Engine Components\DAL;C:\Program Files\Intel\Intel(R) Management Engine Components\DAL;C:\Program Files (x86)\Intel\Intel(R) Management Engine Components\IPT;C:\Program Files\Intel\Intel(R) Management Engine Components\IPT;E:\Program Files\MATLAB\MATLAB Production Server\R2015a\runtime\win64;E:\Program Files\MATLAB\MATLAB Production Server\R2015a\bin;E:\Program Files\MATLAB\MATLAB Production Server\R2015a\polyspace\bin;C:\MinGW\bin;C:\Users\luisobri\AppData\Local\Microsoft\WindowsApps;;C:\Users\luisobri\parallel-latest-released\eclipse;]
22:58:44 **** Incremental Build of configuration Debug for project cap1_1p ****
make all 
Cannot run program "make": Launching failed

Error: Program "make" not found in PATH
PATH=[E:/Program Files/java/jre1.8.0_102/bin/server;E:/Program Files/java/jre1.8.0_102/bin;E:/Program Files/java/jre1.8.0_102/lib/amd64;C:\Program Files (x86)\Silverfrost\FTN95;C:\ProgramData\Oracle\Java\javapath;C:\Program Files (x86)\Intel\iCLS Client\;C:\Program Files\Intel\iCLS Client\;C:\WINDOWS\system32;C:\WINDOWS;C:\WINDOWS\System32\Wbem;C:\WINDOWS\System32\WindowsPowerShell\v1.0\;C:\Program Files (x86)\Intel\Intel(R) Management Engine Components\DAL;C:\Program Files\Intel\Intel(R) Management Engine Components\DAL;C:\Program Files (x86)\Intel\Intel(R) Management Engine Components\IPT;C:\Program Files\Intel\Intel(R) Management Engine Components\IPT;E:\Program Files\MATLAB\MATLAB Production Server\R2015a\runtime\win64;E:\Program Files\MATLAB\MATLAB Production Server\R2015a\bin;E:\Program Files\MATLAB\MATLAB Production Server\R2015a\polyspace\bin;C:\MinGW\bin;C:\Users\luisobri\AppData\Local\Microsoft\WindowsApps;;C:\Users\luisobri\parallel-latest-released\eclipse;]
23:02:37 **** Incremental Build of configuration Debug for project cap1_1p ****
make all 
Cannot run program "make": Launching failed

Error: Program "make" not found in PATH
PATH=[E:/Program Files/java/jre1.8.0_102/bin/server;E:/Program Files/java/jre1.8.0_102/bin;E:/Program Files/java/jre1.8.0_102/lib/amd64;C:\Program Files (x86)\Silverfrost\FTN95;C:\ProgramData\Oracle\Java\javapath;C:\Program Files (x86)\Intel\iCLS Client\;C:\Program Files\Intel\iCLS Client\;C:\WINDOWS\system32;C:\WINDOWS;C:\WINDOWS\System32\Wbem;C:\WINDOWS\System32\WindowsPowerShell\v1.0\;C:\Program Files (x86)\Intel\Intel(R) Management Engine Components\DAL;C:\Program Files\Intel\Intel(R) Management Engine Components\DAL;C:\Program Files (x86)\Intel\Intel(R) Management Engine Components\IPT;C:\Program Files\Intel\Intel(R) Management Engine Components\IPT;E:\Program Files\MATLAB\MATLAB Production Server\R2015a\runtime\win64;E:\Program Files\MATLAB\MATLAB Production Server\R2015a\bin;E:\Program Files\MATLAB\MATLAB Production Server\R2015a\polyspace\bin;C:\MinGW\bin;C:\Users\luisobri\AppData\Local\Microsoft\WindowsApps;;C:\Users\luisobri\parallel-latest-released\eclipse;]
23:09:41 **** Incremental Build of configuration Debug for project cap1_1p ****
make all 
Cannot run program "make": Launching failed

Error: Program "make" not found in PATH
PATH=[E:/Program Files/java/jre1.8.0_102/bin/server;E:/Program Files/java/jre1.8.0_102/bin;E:/Program Files/java/jre1.8.0_102/lib/amd64;C:\Program Files (x86)\Silverfrost\FTN95;C:\ProgramData\Oracle\Java\javapath;C:\Program Files (x86)\Intel\iCLS Client\;C:\Program Files\Intel\iCLS Client\;C:\WINDOWS\system32;C:\WINDOWS;C:\WINDOWS\System32\Wbem;C:\WINDOWS\System32\WindowsPowerShell\v1.0\;C:\Program Files (x86)\Intel\Intel(R) Management Engine Components\DAL;C:\Program Files\Intel\Intel(R) Management Engine Components\DAL;C:\Program Files (x86)\Intel\Intel(R) Management Engine Components\IPT;C:\Program Files\Intel\Intel(R) Management Engine Components\IPT;E:\Program Files\MATLAB\MATLAB Production Server\R2015a\runtime\win64;E:\Program Files\MATLAB\MATLAB Production Server\R2015a\bin;E:\Program Files\MATLAB\MATLAB Production Server\R2015a\polyspace\bin;C:\MinGW\bin;C:\Users\luisobri\AppData\Local\Microsoft\WindowsApps;;C:\Users\luisobri\parallel-latest-released\eclipse;]
23:10:15 **** Incremental Build of configuration Debug for project cap1_1p ****
make all 
Cannot run program "make": Launching failed

Error: Program "make" not found in PATH
PATH=[E:/Program Files/java/jre1.8.0_102/bin/server;E:/Program Files/java/jre1.8.0_102/bin;E:/Program Files/java/jre1.8.0_102/lib/amd64;C:\Program Files (x86)\Silverfrost\FTN95;C:\ProgramData\Oracle\Java\javapath;C:\Program Files (x86)\Intel\iCLS Client\;C:\Program Files\Intel\iCLS Client\;C:\WINDOWS\system32;C:\WINDOWS;C:\WINDOWS\System32\Wbem;C:\WINDOWS\System32\WindowsPowerShell\v1.0\;C:\Program Files (x86)\Intel\Intel(R) Management Engine Components\DAL;C:\Program Files\Intel\Intel(R) Management Engine Components\DAL;C:\Program Files (x86)\Intel\Intel(R) Management Engine Components\IPT;C:\Program Files\Intel\Intel(R) Management Engine Components\IPT;E:\Program Files\MATLAB\MATLAB Production Server\R2015a\runtime\win64;E:\Program Files\MATLAB\MATLAB Production Server\R2015a\bin;E:\Program Files\MATLAB\MATLAB Production Server\R2015a\polyspace\bin;C:\MinGW\bin;C:\Users\luisobri\AppData\Local\Microsoft\WindowsApps;;C:\Users\luisobri\parallel-latest-released\eclipse;]
23:15:49 **** Incremental Build of configuration Debug for project cap1_1p ****
make all 
Cannot run program "make": Launching failed

Error: Program "make" not found in PATH
PATH=[E:/Program Files/java/jre1.8.0_102/bin/server;E:/Program Files/java/jre1.8.0_102/bin;E:/Program Files/java/jre1.8.0_102/lib/amd64;C:\Program Files (x86)\Silverfrost\FTN95;C:\ProgramData\Oracle\Java\javapath;C:\Program Files (x86)\Intel\iCLS Client\;C:\Program Files\Intel\iCLS Client\;C:\WINDOWS\system32;C:\WINDOWS;C:\WINDOWS\System32\Wbem;C:\WINDOWS\System32\WindowsPowerShell\v1.0\;C:\Program Files (x86)\Intel\Intel(R) Management Engine Components\DAL;C:\Program Files\Intel\Intel(R) Management Engine Components\DAL;C:\Program Files (x86)\Intel\Intel(R) Management Engine Components\IPT;C:\Program Files\Intel\Intel(R) Management Engine Components\IPT;E:\Program Files\MATLAB\MATLAB Production Server\R2015a\runtime\win64;E:\Program Files\MATLAB\MATLAB Production Server\R2015a\bin;E:\Program Files\MATLAB\MATLAB Production Server\R2015a\polyspace\bin;C:\MinGW\bin;C:\Users\luisobri\AppData\Local\Microsoft\WindowsApps;;C:\Users\luisobri\parallel-latest-released\eclipse;]
23:16:30 **** Incremental Build of configuration Debug for project cap1_1p ****
make all 
Cannot run program "make": Launching failed

Error: Program "make" not found in PATH
PATH=[E:/Program Files/java/jre1.8.0_102/bin/server;E:/Program Files/java/jre1.8.0_102/bin;E:/Program Files/java/jre1.8.0_102/lib/amd64;C:\Program Files (x86)\Silverfrost\FTN95;C:\ProgramData\Oracle\Java\javapath;C:\Program Files (x86)\Intel\iCLS Client\;C:\Program Files\Intel\iCLS Client\;C:\WINDOWS\system32;C:\WINDOWS;C:\WINDOWS\System32\Wbem;C:\WINDOWS\System32\WindowsPowerShell\v1.0\;C:\Program Files (x86)\Intel\Intel(R) Management Engine Components\DAL;C:\Program Files\Intel\Intel(R) Management Engine Components\DAL;C:\Program Files (x86)\Intel\Intel(R) Management Engine Components\IPT;C:\Program Files\Intel\Intel(R) Management Engine Components\IPT;E:\Program Files\MATLAB\MATLAB Production Server\R2015a\runtime\win64;E:\Program Files\MATLAB\MATLAB Production Server\R2015a\bin;E:\Program Files\MATLAB\MATLAB Production Server\R2015a\polyspace\bin;C:\MinGW\bin;C:\Users\luisobri\AppData\Local\Microsoft\WindowsApps;;C:\Users\luisobri\parallel-latest-released\eclipse;]
23:17:33 **** Incremental Build of configuration Debug for project cap1_1p ****
make all 
Cannot run program "make": Launching failed

Error: Program "make" not found in PATH
PATH=[E:/Program Files/java/jre1.8.0_102/bin/server;E:/Program Files/java/jre1.8.0_102/bin;E:/Program Files/java/jre1.8.0_102/lib/amd64;C:\Program Files (x86)\Silverfrost\FTN95;C:\ProgramData\Oracle\Java\javapath;C:\Program Files (x86)\Intel\iCLS Client\;C:\Program Files\Intel\iCLS Client\;C:\WINDOWS\system32;C:\WINDOWS;C:\WINDOWS\System32\Wbem;C:\WINDOWS\System32\WindowsPowerShell\v1.0\;C:\Program Files (x86)\Intel\Intel(R) Management Engine Components\DAL;C:\Program Files\Intel\Intel(R) Management Engine Components\DAL;C:\Program Files (x86)\Intel\Intel(R) Management Engine Components\IPT;C:\Program Files\Intel\Intel(R) Management Engine Components\IPT;E:\Program Files\MATLAB\MATLAB Production Server\R2015a\runtime\win64;E:\Program Files\MATLAB\MATLAB Production Server\R2015a\bin;E:\Program Files\MATLAB\MATLAB Production Server\R2015a\polyspace\bin;C:\MinGW\bin;C:\Users\luisobri\AppData\Local\Microsoft\WindowsApps;;C:\Users\luisobri\parallel-latest-released\eclipse;]
Info: Nothing to build for cap1_1p
Info: Nothing to build for cap1_1p
Info: Nothing to build for cap1_1p
Info: Nothing to build for cap1_1p
Info: Nothing to build for cap1_1p
Info: Nothing to build for cap1_1p

**** Build of configuration Debug for project cap1_1p ****

Nothing to build for project cap1_1p

**** Build of configuration Debug for project cap1_1p ****

Nothing to build for project cap1_1p
23:24:00 **** Build of configuration Debug for project cap1_5p ****
make all 
Cannot run program "make": Launching failed

Error: Program "make" not found in PATH
PATH=[E:/Program Files/java/jre1.8.0_102/bin/server;E:/Program Files/java/jre1.8.0_102/bin;E:/Program Files/java/jre1.8.0_102/lib/amd64;C:\Program Files (x86)\Silverfrost\FTN95;C:\ProgramData\Oracle\Java\javapath;C:\Program Files (x86)\Intel\iCLS Client\;C:\Program Files\Intel\iCLS Client\;C:\WINDOWS\system32;C:\WINDOWS;C:\WINDOWS\System32\Wbem;C:\WINDOWS\System32\WindowsPowerShell\v1.0\;C:\Program Files (x86)\Intel\Intel(R) Management Engine Components\DAL;C:\Program Files\Intel\Intel(R) Management Engine Components\DAL;C:\Program Files (x86)\Intel\Intel(R) Management Engine Components\IPT;C:\Program Files\Intel\Intel(R) Management Engine Components\IPT;E:\Program Files\MATLAB\MATLAB Production Server\R2015a\runtime\win64;E:\Program Files\MATLAB\MATLAB Production Server\R2015a\bin;E:\Program Files\MATLAB\MATLAB Production Server\R2015a\polyspace\bin;C:\MinGW\bin;C:\Users\luisobri\AppData\Local\Microsoft\WindowsApps;;C:\Users\luisobri\parallel-latest-released\eclipse;]
23:24:37 **** Incremental Build of configuration Debug for project cap1_5p ****
Info: Internal Builder is used for build
gfortran -funderscoring -O0 -g -Wall -c -fmessage-length=0 -o cap1_5p.o "..\\cap1_5p.f95" 
gfortran -o cap1_5p cap1_5p.o 
